#
# A fatal error has been detected by the Java Runtime Environment:
#
#  EXCEPTION_ACCESS_VIOLATION (0xc0000005) at pc=0x00000000523c0e4f, pid=13840, tid=16696
#
# JRE version: Java(TM) SE Runtime Environment (8.0_25-b18) (build 1.8.0_25-b18)
# Java VM: Java HotSpot(TM) 64-Bit Server VM (25.25-b02 mixed mode windows-amd64 compressed oops)
# Problematic frame:
# C  [nvoglv64.DLL+0xdb0e4f]
#
# Failed to write core dump. Minidumps are not enabled by default on client versions of Windows
#
# If you would like to submit a bug report, please visit:
#   http://bugreport.sun.com/bugreport/crash.jsp
# The crash happened outside the Java Virtual Machine in native code.
# See problematic frame for where to report the bug.
#

---------------  T H R E A D  ---------------

Current thread (0x000000000234e000):  JavaThread "main" [_thread_in_native, id=16696, stack(0x0000000002350000,0x0000000002450000)]

siginfo: ExceptionCode=0xc0000005, reading address 0x0000000000000000

Registers:
RAX=0x00000000523c0e4f, RBX=0x000000002481c33c, RCX=0x000000002481c358, RDX=0x0000000000000000
RSP=0x000000000244ef28, RBP=0x0000000000000000, RSI=0x0000000000000034, RDI=0x0000000020010080
R8 =0x0000000000000006, R9 =0x0000000051610000, R10=0x000000002481c358, R11=0x000000002481c358
R12=0x0000000000001401, R13=0x0000000000000006, R14=0x0000000000000006, R15=0x0000000000000004
RIP=0x00000000523c0e4f, EFLAGS=0x0000000000010202

Top of Stack: (sp=0x000000000244ef28)
0x000000000244ef28:   0000000051c0204c 0000000002349870
0x000000000244ef38:   000000005384ced6 000000000244f588
0x000000000244ef48:   000000000234e460 00000000000003d8
0x000000000244ef58:   000000000234e470 000000001bb6b470
0x000000000244ef68:   000000000234e000 000000001bb6b470
0x000000000244ef78:   000000000234e000 0000000000000933
0x000000000244ef88:   0000000002565a06 000000000234e000
0x000000000244ef98:   000000000244f0b0 0000000000000000
0x000000000244efa8:   0000000000000933 000000000244f060
0x000000000244efb8:   0000000002565b74 0000000000000188
0x000000000244efc8:   000000000244f000 000000001bb6b470
0x000000000244efd8:   000000001bb6b470 0000000000001401
0x000000000244efe8:   0000000000000000 0000000051e739c0
0x000000000244eff8:   000000001bb6b470 0000000000000188
0x000000000244f008:   000000000234e000 000000000244f138
0x000000000244f018:   00000000025658a2 000000000244f020 

Instructions: (pc=0x00000000523c0e4f)
0x00000000523c0e2f:   01 49 8b c3 c3 8b 02 41 89 02 49 8b c3 c3 48 0f
0x00000000523c0e3f:   b6 02 8b 4a 01 41 88 02 41 89 4a 01 49 8b c3 c3
0x00000000523c0e4f:   48 0f b7 02 8b 4a 02 66 41 89 02 41 89 4a 02 49
0x00000000523c0e5f:   8b c3 c3 48 0f b6 02 48 0f b7 4a 01 8b 52 03 41 


Register to memory mapping:

RAX=0x00000000523c0e4f is an unknown value
RBX=0x000000002481c33c is an unknown value
RCX=0x000000002481c358 is an unknown value
RDX=0x0000000000000000 is an unknown value
RSP=0x000000000244ef28 is pointing into the stack for thread: 0x000000000234e000
RBP=0x0000000000000000 is an unknown value
RSI=0x0000000000000034 is an unknown value
RDI=0x0000000020010080 is an unknown value
R8 =0x0000000000000006 is an unknown value
R9 =0x0000000051610000 is an unknown value
R10=0x000000002481c358 is an unknown value
R11=0x000000002481c358 is an unknown value
R12=0x0000000000001401 is an unknown value
R13=0x0000000000000006 is an unknown value
R14=0x0000000000000006 is an unknown value
R15=0x0000000000000004 is an unknown value


Stack: [0x0000000002350000,0x0000000002450000],  sp=0x000000000244ef28,  free space=1019k
Native frames: (J=compiled Java code, j=interpreted, Vv=VM code, C=native code)

Java frames: (J=compiled Java code, j=interpreted, Vv=VM code)
j  org.lwjgl.opengl.GL11.nglDrawElements(IIIJJ)V+0
j  org.lwjgl.opengl.GL11.nglDrawElements(IIIJ)V+14
j  org.lwjgl.opengl.GL11.glDrawElements(IIIJ)V+17
j  game.GameObject.draw()V+20
j  Main.Main.update()V+11
j  Main.Main.run()V+71
j  Main.Main.main([Ljava/lang/String;)V+17
v  ~StubRoutines::call_stub

---------------  P R O C E S S  ---------------

Java Threads: ( => current thread )
  0x000000001d86f000 JavaThread "Service Thread" daemon [_thread_blocked, id=2000, stack(0x000000001f120000,0x000000001f220000)]
  0x000000001d7e5800 JavaThread "C1 CompilerThread3" daemon [_thread_blocked, id=15252, stack(0x000000001f020000,0x000000001f120000)]
  0x000000001d7dc000 JavaThread "C2 CompilerThread2" daemon [_thread_blocked, id=14732, stack(0x000000001ef20000,0x000000001f020000)]
  0x000000001d7d6800 JavaThread "C2 CompilerThread1" daemon [_thread_blocked, id=4920, stack(0x000000001ee20000,0x000000001ef20000)]
  0x000000001d7ce800 JavaThread "C2 CompilerThread0" daemon [_thread_blocked, id=10232, stack(0x000000001ed20000,0x000000001ee20000)]
  0x000000001d7cb000 JavaThread "Attach Listener" daemon [_thread_blocked, id=4436, stack(0x000000001ec20000,0x000000001ed20000)]
  0x000000001d7ca000 JavaThread "Signal Dispatcher" daemon [_thread_blocked, id=4828, stack(0x000000001eb20000,0x000000001ec20000)]
  0x000000000254c800 JavaThread "Finalizer" daemon [_thread_blocked, id=9764, stack(0x000000001ea20000,0x000000001eb20000)]
  0x0000000002546800 JavaThread "Reference Handler" daemon [_thread_blocked, id=8168, stack(0x000000001e920000,0x000000001ea20000)]
=>0x000000000234e000 JavaThread "main" [_thread_in_native, id=16696, stack(0x0000000002350000,0x0000000002450000)]

Other Threads:
  0x000000001c0d5800 VMThread [stack: 0x000000001e820000,0x000000001e920000] [id=13728]
  0x000000001d870000 WatcherThread [stack: 0x000000001f220000,0x000000001f320000] [id=5836]

VM state:not at safepoint (normal execution)

VM Mutex/Monitor currently owned by a thread: None

Heap:
 PSYoungGen      total 75776K, used 13224K [0x000000076b900000, 0x0000000770d80000, 0x00000007c0000000)
  eden space 65024K, 20% used [0x000000076b900000,0x000000076c5ea088,0x000000076f880000)
  from space 10752K, 0% used [0x0000000770300000,0x0000000770300000,0x0000000770d80000)
  to   space 10752K, 0% used [0x000000076f880000,0x000000076f880000,0x0000000770300000)
 ParOldGen       total 173568K, used 0K [0x00000006c2a00000, 0x00000006cd380000, 0x000000076b900000)
  object space 173568K, 0% used [0x00000006c2a00000,0x00000006c2a00000,0x00000006cd380000)
 Metaspace       used 7089K, capacity 7914K, committed 8064K, reserved 1056768K
  class space    used 560K, capacity 594K, committed 640K, reserved 1048576K

Card table byte_map: [0x0000000011910000,0x0000000012100000] byte_map_base: 0x000000000e2fb000

Marking Bits: (ParMarkBitMap*) 0x0000000053f7d490
 Begin Bits: [0x0000000013050000, 0x0000000016fa8000)
 End Bits:   [0x0000000016fa8000, 0x000000001af00000)

Polling page: 0x0000000002170000

CodeCache: size=245760Kb used=1920Kb max_used=1932Kb free=243839Kb
 bounds [0x0000000002550000, 0x00000000027c0000, 0x0000000011550000]
 total_blobs=856 nmethods=319 adapters=451
 compilation: enabled

Compilation events (10 events):
Event: 1.030 Thread 0x000000001d7d6800 nmethod 314 0x000000000272e0d0 code [0x000000000272e200, 0x000000000272e258]
Event: 1.030 Thread 0x000000001d7e5800 nmethod 315 0x000000000272d110 code [0x000000000272d2e0, 0x000000000272dbb8]
Event: 1.045 Thread 0x000000001d7dc000  316       4       sun.misc.MetaIndex::mayContain (51 bytes)
Event: 1.046 Thread 0x000000001d7e5800  317       3       java.util.zip.ZipEntry::<init> (146 bytes)
Event: 1.047 Thread 0x000000001d7ce800  318       4       java.util.Arrays::copyOfRange (63 bytes)
Event: 1.047 Thread 0x000000001d7e5800 nmethod 317 0x000000000272bd90 code [0x000000000272bf00, 0x000000000272c348]
Event: 1.048 Thread 0x000000001d7e5800  319   !   3       sun.misc.URLClassPath$JarLoader::checkResource (55 bytes)
Event: 1.049 Thread 0x000000001d7e5800 nmethod 319 0x000000000272e510 code [0x000000000272e6c0, 0x000000000272ed28]
Event: 1.049 Thread 0x000000001d7ce800 nmethod 318 0x0000000002731e90 code [0x0000000002731fe0, 0x00000000027321f8]
Event: 1.056 Thread 0x000000001d7dc000 nmethod 316 0x000000000272f690 code [0x000000000272f7e0, 0x000000000272faf8]

GC Heap History (0 events):
No events

Deoptimization events (0 events):
No events

Internal exceptions (10 events):
Event: 1.049 Thread 0x000000000234e000 Exception <a 'java/security/PrivilegedActionException'> (0x000000076c5acfe8) thrown at [D:\re\workspace\8-2-build-windows-amd64-cygwin\jdk8u25\1677\hotspot\src\share\vm\prims\jvm.cpp, line 1312]
Event: 1.050 Thread 0x000000000234e000 Exception <a 'java/security/PrivilegedActionException'> (0x000000076c5b0f48) thrown at [D:\re\workspace\8-2-build-windows-amd64-cygwin\jdk8u25\1677\hotspot\src\share\vm\prims\jvm.cpp, line 1312]
Event: 1.050 Thread 0x000000000234e000 Exception <a 'java/security/PrivilegedActionException'> (0x000000076c5b5400) thrown at [D:\re\workspace\8-2-build-windows-amd64-cygwin\jdk8u25\1677\hotspot\src\share\vm\prims\jvm.cpp, line 1312]
Event: 1.051 Thread 0x000000000234e000 Exception <a 'java/security/PrivilegedActionException'> (0x000000076c5b92d8) thrown at [D:\re\workspace\8-2-build-windows-amd64-cygwin\jdk8u25\1677\hotspot\src\share\vm\prims\jvm.cpp, line 1312]
Event: 1.052 Thread 0x000000000234e000 Exception <a 'java/security/PrivilegedActionException'> (0x000000076c5bf718) thrown at [D:\re\workspace\8-2-build-windows-amd64-cygwin\jdk8u25\1677\hotspot\src\share\vm\prims\jvm.cpp, line 1312]
Event: 1.053 Thread 0x000000000234e000 Exception <a 'java/security/PrivilegedActionException'> (0x000000076c5c54a8) thrown at [D:\re\workspace\8-2-build-windows-amd64-cygwin\jdk8u25\1677\hotspot\src\share\vm\prims\jvm.cpp, line 1312]
Event: 1.053 Thread 0x000000000234e000 Exception <a 'java/security/PrivilegedActionException'> (0x000000076c5c7398) thrown at [D:\re\workspace\8-2-build-windows-amd64-cygwin\jdk8u25\1677\hotspot\src\share\vm\prims\jvm.cpp, line 1312]
Event: 1.054 Thread 0x000000000234e000 Exception <a 'java/security/PrivilegedActionException'> (0x000000076c5c8c58) thrown at [D:\re\workspace\8-2-build-windows-amd64-cygwin\jdk8u25\1677\hotspot\src\share\vm\prims\jvm.cpp, line 1312]
Event: 1.055 Thread 0x000000000234e000 Exception <a 'java/security/PrivilegedActionException'> (0x000000076c5cb1c8) thrown at [D:\re\workspace\8-2-build-windows-amd64-cygwin\jdk8u25\1677\hotspot\src\share\vm\prims\jvm.cpp, line 1312]
Event: 1.056 Thread 0x000000000234e000 Exception <a 'java/security/PrivilegedActionException'> (0x000000076c5cdd68) thrown at [D:\re\workspace\8-2-build-windows-amd64-cygwin\jdk8u25\1677\hotspot\src\share\vm\prims\jvm.cpp, line 1312]

Events (10 events):
Event: 1.053 loading class utilities/Vector3f
Event: 1.053 loading class utilities/Vector3f done
Event: 1.054 loading class graphics/VertexArrayObject
Event: 1.054 loading class graphics/VertexArrayObject done
Event: 1.055 loading class utilities/Utilities
Event: 1.055 loading class utilities/Utilities done
Event: 1.055 loading class java/nio/DirectFloatBufferU
Event: 1.055 loading class java/nio/DirectFloatBufferU done
Event: 1.056 loading class org/lwjgl/opengl/GLChecks
Event: 1.056 loading class org/lwjgl/opengl/GLChecks done


Dynamic libraries:
0x00007ff62ed40000 - 0x00007ff62ed74000 	C:\Program Files\Java\jdk1.8.0_25\bin\java.exe
0x00007ff8460a0000 - 0x00007ff846261000 	C:\WINDOWS\SYSTEM32\ntdll.dll
0x00007ff843f00000 - 0x00007ff843fad000 	C:\WINDOWS\system32\KERNEL32.DLL
0x00007ff843590000 - 0x00007ff84376d000 	C:\WINDOWS\system32\KERNELBASE.dll
0x00007ff844070000 - 0x00007ff844116000 	C:\WINDOWS\system32\ADVAPI32.dll
0x00007ff845f50000 - 0x00007ff845fed000 	C:\WINDOWS\system32\msvcrt.dll
0x00007ff843fb0000 - 0x00007ff84400b000 	C:\WINDOWS\system32\sechost.dll
0x00007ff843a00000 - 0x00007ff843b26000 	C:\WINDOWS\system32\RPCRT4.dll
0x00007ff843b30000 - 0x00007ff843c7e000 	C:\WINDOWS\system32\USER32.dll
0x00007ff844190000 - 0x00007ff844316000 	C:\WINDOWS\system32\GDI32.dll
0x00007ff83e930000 - 0x00007ff83eba4000 	C:\WINDOWS\WinSxS\amd64_microsoft.windows.common-controls_6595b64144ccf1df_6.0.10240.16384_none_f41f7b285750ef43\COMCTL32.dll
0x00007ff845c90000 - 0x00007ff845cc6000 	C:\WINDOWS\system32\IMM32.DLL
0x00007ff844410000 - 0x00007ff84456c000 	C:\WINDOWS\system32\MSCTF.dll
0x00000000536c0000 - 0x0000000053792000 	C:\Program Files\Java\jdk1.8.0_25\jre\bin\msvcr100.dll
0x00000000537a0000 - 0x0000000053ffa000 	C:\Program Files\Java\jdk1.8.0_25\jre\bin\server\jvm.dll
0x00007ff844320000 - 0x00007ff844328000 	C:\WINDOWS\system32\PSAPI.DLL
0x00007ff837020000 - 0x00007ff837029000 	C:\WINDOWS\SYSTEM32\WSOCK32.dll
0x00007ff840f60000 - 0x00007ff840f83000 	C:\WINDOWS\SYSTEM32\WINMM.dll
0x00007ff844580000 - 0x00007ff8445e9000 	C:\WINDOWS\system32\WS2_32.dll
0x00007ff844570000 - 0x00007ff844578000 	C:\WINDOWS\system32\NSI.dll
0x00007ff840f00000 - 0x00007ff840f2c000 	C:\WINDOWS\SYSTEM32\WINMMBASE.dll
0x00007ff842b70000 - 0x00007ff842bb4000 	C:\WINDOWS\system32\cfgmgr32.dll
0x00007ff841440000 - 0x00007ff841467000 	C:\WINDOWS\SYSTEM32\DEVOBJ.dll
0x0000000053670000 - 0x000000005367f000 	C:\Program Files\Java\jdk1.8.0_25\jre\bin\verify.dll
0x0000000053640000 - 0x0000000053668000 	C:\Program Files\Java\jdk1.8.0_25\jre\bin\java.dll
0x0000000053620000 - 0x0000000053636000 	C:\Program Files\Java\jdk1.8.0_25\jre\bin\zip.dll
0x00007ff844610000 - 0x00007ff845b32000 	C:\WINDOWS\system32\SHELL32.dll
0x00007ff842d90000 - 0x00007ff8433b9000 	C:\WINDOWS\system32\windows.storage.dll
0x00007ff843c80000 - 0x00007ff843efc000 	C:\WINDOWS\system32\combase.dll
0x00007ff845cd0000 - 0x00007ff845d21000 	C:\WINDOWS\system32\shlwapi.dll
0x00007ff842b60000 - 0x00007ff842b6f000 	C:\WINDOWS\system32\kernel.appcore.dll
0x00007ff8434d0000 - 0x00007ff843583000 	C:\WINDOWS\system32\shcore.dll
0x00007ff842b10000 - 0x00007ff842b5a000 	C:\WINDOWS\system32\powrprof.dll
0x00007ff842ad0000 - 0x00007ff842ae3000 	C:\WINDOWS\system32\profapi.dll
0x00007ff82af20000 - 0x00007ff82afed000 	C:\Users\Daniel Viktor Isaac\Documents\GitHub\pupu\pupu\target\natives\lwjgl.dll
0x00007ff82b720000 - 0x00007ff82b848000 	C:\WINDOWS\SYSTEM32\OPENGL32.dll
0x00007ff82b620000 - 0x00007ff82b716000 	C:\WINDOWS\SYSTEM32\DDRAW.dll
0x00007ff830d60000 - 0x00007ff830d8e000 	C:\WINDOWS\SYSTEM32\GLU32.dll
0x00007ff8373f0000 - 0x00007ff8373f8000 	C:\WINDOWS\SYSTEM32\DCIMAN32.dll
0x00007ff841330000 - 0x00007ff8413c6000 	C:\WINDOWS\system32\uxtheme.dll
0x00007ff83ef70000 - 0x00007ff83ef92000 	C:\WINDOWS\SYSTEM32\dwmapi.dll
0x0000000056190000 - 0x0000000056196000 	C:\Program Files\ESET\ESET NOD32 Antivirus\eplgHooks.dll
0x0000000051610000 - 0x0000000053359000 	C:\WINDOWS\SYSTEM32\nvoglv64.DLL
0x00007ff843830000 - 0x00007ff8439f5000 	C:\WINDOWS\system32\SETUPAPI.dll
0x00007ff8410d0000 - 0x00007ff8410e3000 	C:\WINDOWS\SYSTEM32\WTSAPI32.dll
0x00007ff83f0d0000 - 0x00007ff83f0da000 	C:\WINDOWS\SYSTEM32\VERSION.dll
0x00007ff8433c0000 - 0x00007ff843414000 	C:\WINDOWS\system32\WINTRUST.dll
0x00007ff842af0000 - 0x00007ff842b01000 	C:\WINDOWS\system32\MSASN1.dll
0x00007ff842bc0000 - 0x00007ff842d81000 	C:\WINDOWS\system32\CRYPT32.dll
0x00007ff841e70000 - 0x00007ff841ea2000 	C:\WINDOWS\SYSTEM32\ntmarta.dll
0x00007ff841b90000 - 0x00007ff841be8000 	C:\WINDOWS\SYSTEM32\WINSTA.dll
0x00007ff842920000 - 0x00007ff84298b000 	C:\WINDOWS\SYSTEM32\bcryptPrimitives.dll
0x00007ff832b20000 - 0x00007ff832caa000 	C:\WINDOWS\SYSTEM32\dbghelp.dll

VM Arguments:
jvm_args: -Djava.library.path=target/natives 
java_command: Main.Main
java_class_path (initial): C:\Users\Daniel Viktor Isaac\Documents\GitHub\pupu\pupu\target\classes;C:\Users\Daniel Viktor Isaac\.m2\repository\org\lwjgl\lwjgl\3.0.0a\lwjgl-3.0.0a.jar;C:\Users\Daniel Viktor Isaac\.m2\repository\org\lwjgl\lwjgl-platform\3.0.0a\lwjgl-platform-3.0.0a-natives-windows.jar;C:\Users\Daniel Viktor Isaac\.m2\repository\org\lwjgl\lwjgl-platform\3.0.0a\lwjgl-platform-3.0.0a-natives-osx.jar;C:\Users\Daniel Viktor Isaac\.m2\repository\org\lwjgl\lwjgl-platform\3.0.0a\lwjgl-platform-3.0.0a-natives-linux.jar
Launcher Type: SUN_STANDARD

Environment Variables:
JAVA_HOME=C:\Program Files\Java\jdk1.8.0_25
PATH=C:\ProgramData\Oracle\Java\javapath;C:\Program Files (x86)\NVIDIA Corporation\PhysX\Common;C:\WINDOWS\system32;C:\WINDOWS;C:\WINDOWS\System32\Wbem;C:\WINDOWS\System32\WindowsPowerShell\v1.0\;C:\cygwin64;C:\Program Files (x86)\Skype\Phone\
USERNAME=Daniel Viktor Isaac
OS=Windows_NT
PROCESSOR_IDENTIFIER=Intel64 Family 6 Model 63 Stepping 2, GenuineIntel



---------------  S Y S T E M  ---------------

OS: Windows 8.1 , 64 bit Build 9600 

CPU:total 12 (6 cores per cpu, 2 threads per core) family 6 model 63 stepping 2, cmov, cx8, fxsr, mmx, sse, sse2, sse3, ssse3, sse4.1, sse4.2, popcnt, avx, avx2, aes, clmul, erms, lzcnt, ht, tsc, tscinvbit, bmi1, bmi2

Memory: 4k page, physical 16600752k(9043384k free), swap 28944800k(14672912k free)

vm_info: Java HotSpot(TM) 64-Bit Server VM (25.25-b02) for windows-amd64 JRE (1.8.0_25-b18), built on Oct  7 2014 14:25:37 by "java_re" with MS VC++ 10.0 (VS2010)

time: Wed Sep 09 20:01:09 2015
elapsed time: 1 seconds (0d 0h 0m 1s)

