#
# A fatal error has been detected by the Java Runtime Environment:
#
#  EXCEPTION_ACCESS_VIOLATION (0xc0000005) at pc=0x00000000523c0e4f, pid=1312, tid=13680
#
# JRE version: Java(TM) SE Runtime Environment (8.0_25-b18) (build 1.8.0_25-b18)
# Java VM: Java HotSpot(TM) 64-Bit Server VM (25.25-b02 mixed mode windows-amd64 compressed oops)
# Problematic frame:
# C  [nvoglv64.DLL+0xdb0e4f]
#
# Failed to write core dump. Minidumps are not enabled by default on client versions of Windows
#
# If you would like to submit a bug report, please visit:
#   http://bugreport.sun.com/bugreport/crash.jsp
# The crash happened outside the Java Virtual Machine in native code.
# See problematic frame for where to report the bug.
#

---------------  T H R E A D  ---------------

Current thread (0x0000000000cbe000):  JavaThread "main" [_thread_in_native, id=13680, stack(0x00000000024d0000,0x00000000025d0000)]

siginfo: ExceptionCode=0xc0000005, reading address 0x0000000000000000

Registers:
RAX=0x00000000523c0e4f, RBX=0x00000000249bf3c4, RCX=0x00000000249bf3e0, RDX=0x0000000000000000
RSP=0x00000000025cf218, RBP=0x0000000000000000, RSI=0x0000000000000034, RDI=0x00000000200f1080
R8 =0x0000000000000006, R9 =0x0000000051610000, R10=0x00000000249bf3e0, R11=0x00000000249bf3e0
R12=0x0000000000001401, R13=0x0000000000000006, R14=0x0000000000000006, R15=0x0000000000000004
RIP=0x00000000523c0e4f, EFLAGS=0x0000000000010202

Top of Stack: (sp=0x00000000025cf218)
0x00000000025cf218:   0000000051c0204c 0000000000cb97f0
0x00000000025cf228:   000000005384ced6 00000000025cf878
0x00000000025cf238:   0000000000cbe460 00000000000003d8
0x00000000025cf248:   0000000000cbe470 000000001bd4b470
0x00000000025cf258:   0000000000cbe000 000000001bd4b470
0x00000000025cf268:   0000000000cbe000 0000000000000937
0x00000000025cf278:   00000000026f5a06 0000000000cbe000
0x00000000025cf288:   00000000025cf398 0000000000000000
0x00000000025cf298:   0000000000000937 00000000025cf348
0x00000000025cf2a8:   00000000026f5b74 0000000000000188
0x00000000025cf2b8:   00000000025cf300 000000001bd4b470
0x00000000025cf2c8:   000000001bd4b470 0000000000001401
0x00000000025cf2d8:   0000000000000000 0000000051e739c0
0x00000000025cf2e8:   000000001bd4b470 0000000000000188
0x00000000025cf2f8:   0000000000cbe000 00000000026f58a2
0x00000000025cf308:   00000000025cf308 000000001bd4b470 

Instructions: (pc=0x00000000523c0e4f)
0x00000000523c0e2f:   01 49 8b c3 c3 8b 02 41 89 02 49 8b c3 c3 48 0f
0x00000000523c0e3f:   b6 02 8b 4a 01 41 88 02 41 89 4a 01 49 8b c3 c3
0x00000000523c0e4f:   48 0f b7 02 8b 4a 02 66 41 89 02 41 89 4a 02 49
0x00000000523c0e5f:   8b c3 c3 48 0f b6 02 48 0f b7 4a 01 8b 52 03 41 


Register to memory mapping:

RAX=0x00000000523c0e4f is an unknown value
RBX=0x00000000249bf3c4 is an unknown value
RCX=0x00000000249bf3e0 is an unknown value
RDX=0x0000000000000000 is an unknown value
RSP=0x00000000025cf218 is pointing into the stack for thread: 0x0000000000cbe000
RBP=0x0000000000000000 is an unknown value
RSI=0x0000000000000034 is an unknown value
RDI=0x00000000200f1080 is an unknown value
R8 =0x0000000000000006 is an unknown value
R9 =0x0000000051610000 is an unknown value
R10=0x00000000249bf3e0 is an unknown value
R11=0x00000000249bf3e0 is an unknown value
R12=0x0000000000001401 is an unknown value
R13=0x0000000000000006 is an unknown value
R14=0x0000000000000006 is an unknown value
R15=0x0000000000000004 is an unknown value


Stack: [0x00000000024d0000,0x00000000025d0000],  sp=0x00000000025cf218,  free space=1020k
Native frames: (J=compiled Java code, j=interpreted, Vv=VM code, C=native code)

Java frames: (J=compiled Java code, j=interpreted, Vv=VM code)
j  org.lwjgl.opengl.GL11.nglDrawElements(IIIJJ)V+0
j  org.lwjgl.opengl.GL11.nglDrawElements(IIIJ)V+14
j  org.lwjgl.opengl.GL11.glDrawElements(IIIJ)V+17
j  game.GameObject.draw()V+20
j  Main.Main.update()V+11
j  Main.Main.run()V+106
j  Main.Main.main([Ljava/lang/String;)V+17
v  ~StubRoutines::call_stub

---------------  P R O C E S S  ---------------

Java Threads: ( => current thread )
  0x000000001da5c800 JavaThread "Service Thread" daemon [_thread_blocked, id=15824, stack(0x000000001f320000,0x000000001f420000)]
  0x000000001d9cf000 JavaThread "C1 CompilerThread3" daemon [_thread_blocked, id=4308, stack(0x000000001f220000,0x000000001f320000)]
  0x000000001d9cb000 JavaThread "C2 CompilerThread2" daemon [_thread_blocked, id=5484, stack(0x000000001f120000,0x000000001f220000)]
  0x000000001d9c5800 JavaThread "C2 CompilerThread1" daemon [_thread_blocked, id=8740, stack(0x000000001f020000,0x000000001f120000)]
  0x000000001d9bd800 JavaThread "C2 CompilerThread0" daemon [_thread_blocked, id=5580, stack(0x000000001ef20000,0x000000001f020000)]
  0x000000001d9ba000 JavaThread "Attach Listener" daemon [_thread_blocked, id=6244, stack(0x000000001ee20000,0x000000001ef20000)]
  0x000000001d9b9800 JavaThread "Signal Dispatcher" daemon [_thread_blocked, id=15340, stack(0x000000001ed20000,0x000000001ee20000)]
  0x00000000026db000 JavaThread "Finalizer" daemon [_thread_blocked, id=6292, stack(0x000000001ec20000,0x000000001ed20000)]
  0x000000001c2bc800 JavaThread "Reference Handler" daemon [_thread_blocked, id=11572, stack(0x000000001eb20000,0x000000001ec20000)]
=>0x0000000000cbe000 JavaThread "main" [_thread_in_native, id=13680, stack(0x00000000024d0000,0x00000000025d0000)]

Other Threads:
  0x000000001c2b5800 VMThread [stack: 0x000000001ea20000,0x000000001eb20000] [id=9240]
  0x000000001da5e800 WatcherThread [stack: 0x000000001f420000,0x000000001f520000] [id=15004]

VM state:not at safepoint (normal execution)

VM Mutex/Monitor currently owned by a thread: None

Heap:
 PSYoungGen      total 75776K, used 13223K [0x000000076b900000, 0x0000000770d80000, 0x00000007c0000000)
  eden space 65024K, 20% used [0x000000076b900000,0x000000076c5e9fa0,0x000000076f880000)
  from space 10752K, 0% used [0x0000000770300000,0x0000000770300000,0x0000000770d80000)
  to   space 10752K, 0% used [0x000000076f880000,0x000000076f880000,0x0000000770300000)
 ParOldGen       total 173568K, used 0K [0x00000006c2a00000, 0x00000006cd380000, 0x000000076b900000)
  object space 173568K, 0% used [0x00000006c2a00000,0x00000006c2a00000,0x00000006cd380000)
 Metaspace       used 7101K, capacity 7914K, committed 8064K, reserved 1056768K
  class space    used 561K, capacity 594K, committed 640K, reserved 1048576K

Card table byte_map: [0x0000000011aa0000,0x0000000012290000] byte_map_base: 0x000000000e48b000

Marking Bits: (ParMarkBitMap*) 0x0000000053f7d490
 Begin Bits: [0x00000000131e0000, 0x0000000017138000)
 End Bits:   [0x0000000017138000, 0x000000001b090000)

Polling page: 0x0000000000c70000

CodeCache: size=245760Kb used=1933Kb max_used=1944Kb free=243826Kb
 bounds [0x00000000026e0000, 0x0000000002950000, 0x00000000116e0000]
 total_blobs=851 nmethods=314 adapters=451
 compilation: enabled

Compilation events (10 events):
Event: 1.020 Thread 0x000000001d9c5800  310       4       sun.misc.MetaIndex::mayContain (51 bytes)
Event: 1.022 Thread 0x000000001d9cf000  311       3       java.util.zip.ZipEntry::<init> (146 bytes)
Event: 1.022 Thread 0x000000001d9cb000  312       4       java.util.Arrays::copyOfRange (63 bytes)
Event: 1.023 Thread 0x000000001d9cf000 nmethod 311 0x00000000028c0b10 code [0x00000000028c0c80, 0x00000000028c10c8]
Event: 1.024 Thread 0x000000001d9cb000 nmethod 312 0x00000000028c48d0 code [0x00000000028c4a20, 0x00000000028c4c38]
Event: 1.024 Thread 0x000000001d9cf000  313   !   3       sun.misc.URLClassPath$JarLoader::checkResource (55 bytes)
Event: 1.025 Thread 0x000000001d9cf000 nmethod 313 0x00000000028c3d50 code [0x00000000028c3f00, 0x00000000028c4568]
Event: 1.027 Thread 0x000000001d9cf000  314       1       java.util.zip.ZStreamRef::address (5 bytes)
Event: 1.027 Thread 0x000000001d9cf000 nmethod 314 0x00000000028c3a90 code [0x00000000028c3be0, 0x00000000028c3cf0]
Event: 1.032 Thread 0x000000001d9c5800 nmethod 310 0x00000000028c2750 code [0x00000000028c28a0, 0x00000000028c2bd8]

GC Heap History (0 events):
No events

Deoptimization events (0 events):
No events

Internal exceptions (10 events):
Event: 1.030 Thread 0x0000000000cbe000 Exception <a 'java/security/PrivilegedActionException'> (0x000000076c5bf570) thrown at [D:\re\workspace\8-2-build-windows-amd64-cygwin\jdk8u25\1677\hotspot\src\share\vm\prims\jvm.cpp, line 1312]
Event: 1.031 Thread 0x0000000000cbe000 Exception <a 'java/security/PrivilegedActionException'> (0x000000076c5c5300) thrown at [D:\re\workspace\8-2-build-windows-amd64-cygwin\jdk8u25\1677\hotspot\src\share\vm\prims\jvm.cpp, line 1312]
Event: 1.032 Thread 0x0000000000cbe000 Exception <a 'java/security/PrivilegedActionException'> (0x000000076c5c71f0) thrown at [D:\re\workspace\8-2-build-windows-amd64-cygwin\jdk8u25\1677\hotspot\src\share\vm\prims\jvm.cpp, line 1312]
Event: 1.032 Thread 0x0000000000cbe000 Exception <a 'java/security/PrivilegedActionException'> (0x000000076c5c8ab0) thrown at [D:\re\workspace\8-2-build-windows-amd64-cygwin\jdk8u25\1677\hotspot\src\share\vm\prims\jvm.cpp, line 1312]
Event: 1.033 Thread 0x0000000000cbe000 Exception <a 'java/security/PrivilegedActionException'> (0x000000076c5cb020) thrown at [D:\re\workspace\8-2-build-windows-amd64-cygwin\jdk8u25\1677\hotspot\src\share\vm\prims\jvm.cpp, line 1312]
Event: 1.035 Thread 0x0000000000cbe000 Exception <a 'java/security/PrivilegedActionException'> (0x000000076c5cdbc0) thrown at [D:\re\workspace\8-2-build-windows-amd64-cygwin\jdk8u25\1677\hotspot\src\share\vm\prims\jvm.cpp, line 1312]
Event: 1.036 Thread 0x0000000000cbe000 Exception <a 'java/security/PrivilegedActionException'> (0x000000076c5d1948) thrown at [D:\re\workspace\8-2-build-windows-amd64-cygwin\jdk8u25\1677\hotspot\src\share\vm\prims\jvm.cpp, line 1312]
Event: 1.037 Thread 0x0000000000cbe000 Exception <a 'java/io/FileNotFoundException'> (0x000000076c5d3770) thrown at [D:\re\workspace\8-2-build-windows-amd64-cygwin\jdk8u25\1677\hotspot\src\share\vm\prims\jni.cpp, line 716]
Event: 1.037 Thread 0x0000000000cbe000 Exception <a 'java/io/FileNotFoundException'> (0x000000076c5d42b8) thrown at [D:\re\workspace\8-2-build-windows-amd64-cygwin\jdk8u25\1677\hotspot\src\share\vm\prims\jni.cpp, line 716]
Event: 1.038 Thread 0x0000000000cbe000 Exception <a 'java/security/PrivilegedActionException'> (0x000000076c5d5300) thrown at [D:\re\workspace\8-2-build-windows-amd64-cygwin\jdk8u25\1677\hotspot\src\share\vm\prims\jvm.cpp, line 1312]

Events (10 events):
Event: 1.033 loading class utilities/Utilities
Event: 1.033 loading class utilities/Utilities done
Event: 1.034 loading class java/nio/DirectFloatBufferU
Event: 1.034 loading class java/nio/DirectFloatBufferU done
Event: 1.035 loading class org/lwjgl/opengl/GLChecks
Event: 1.035 loading class org/lwjgl/opengl/GLChecks done
Event: 1.036 loading class graphics/Shader
Event: 1.036 loading class graphics/Shader done
Event: 1.038 loading class org/lwjgl/system/MathUtil
Event: 1.038 loading class org/lwjgl/system/MathUtil done


Dynamic libraries:
0x00007ff62ed40000 - 0x00007ff62ed74000 	C:\Program Files\Java\jdk1.8.0_25\bin\java.exe
0x00007ff8460a0000 - 0x00007ff846261000 	C:\WINDOWS\SYSTEM32\ntdll.dll
0x00007ff843f00000 - 0x00007ff843fad000 	C:\WINDOWS\system32\KERNEL32.DLL
0x00007ff843590000 - 0x00007ff84376d000 	C:\WINDOWS\system32\KERNELBASE.dll
0x00007ff844070000 - 0x00007ff844116000 	C:\WINDOWS\system32\ADVAPI32.dll
0x00007ff845f50000 - 0x00007ff845fed000 	C:\WINDOWS\system32\msvcrt.dll
0x00007ff843fb0000 - 0x00007ff84400b000 	C:\WINDOWS\system32\sechost.dll
0x00007ff843a00000 - 0x00007ff843b26000 	C:\WINDOWS\system32\RPCRT4.dll
0x00007ff843b30000 - 0x00007ff843c7e000 	C:\WINDOWS\system32\USER32.dll
0x00007ff844190000 - 0x00007ff844316000 	C:\WINDOWS\system32\GDI32.dll
0x00007ff83e930000 - 0x00007ff83eba4000 	C:\WINDOWS\WinSxS\amd64_microsoft.windows.common-controls_6595b64144ccf1df_6.0.10240.16384_none_f41f7b285750ef43\COMCTL32.dll
0x00007ff845c90000 - 0x00007ff845cc6000 	C:\WINDOWS\system32\IMM32.DLL
0x00007ff844410000 - 0x00007ff84456c000 	C:\WINDOWS\system32\MSCTF.dll
0x00000000536c0000 - 0x0000000053792000 	C:\Program Files\Java\jdk1.8.0_25\jre\bin\msvcr100.dll
0x00000000537a0000 - 0x0000000053ffa000 	C:\Program Files\Java\jdk1.8.0_25\jre\bin\server\jvm.dll
0x00007ff844320000 - 0x00007ff844328000 	C:\WINDOWS\system32\PSAPI.DLL
0x00007ff837020000 - 0x00007ff837029000 	C:\WINDOWS\SYSTEM32\WSOCK32.dll
0x00007ff840f60000 - 0x00007ff840f83000 	C:\WINDOWS\SYSTEM32\WINMM.dll
0x00007ff844580000 - 0x00007ff8445e9000 	C:\WINDOWS\system32\WS2_32.dll
0x00007ff844570000 - 0x00007ff844578000 	C:\WINDOWS\system32\NSI.dll
0x0000000000c40000 - 0x0000000000c6c000 	C:\WINDOWS\SYSTEM32\WINMMBASE.dll
0x00007ff842b70000 - 0x00007ff842bb4000 	C:\WINDOWS\system32\cfgmgr32.dll
0x00007ff841440000 - 0x00007ff841467000 	C:\WINDOWS\SYSTEM32\DEVOBJ.dll
0x0000000053670000 - 0x000000005367f000 	C:\Program Files\Java\jdk1.8.0_25\jre\bin\verify.dll
0x0000000053640000 - 0x0000000053668000 	C:\Program Files\Java\jdk1.8.0_25\jre\bin\java.dll
0x0000000053620000 - 0x0000000053636000 	C:\Program Files\Java\jdk1.8.0_25\jre\bin\zip.dll
0x00007ff844610000 - 0x00007ff845b32000 	C:\WINDOWS\system32\SHELL32.dll
0x00007ff842d90000 - 0x00007ff8433b9000 	C:\WINDOWS\system32\windows.storage.dll
0x00007ff843c80000 - 0x00007ff843efc000 	C:\WINDOWS\system32\combase.dll
0x00007ff845cd0000 - 0x00007ff845d21000 	C:\WINDOWS\system32\shlwapi.dll
0x00007ff842b60000 - 0x00007ff842b6f000 	C:\WINDOWS\system32\kernel.appcore.dll
0x00007ff8434d0000 - 0x00007ff843583000 	C:\WINDOWS\system32\shcore.dll
0x00007ff842b10000 - 0x00007ff842b5a000 	C:\WINDOWS\system32\powrprof.dll
0x00007ff842ad0000 - 0x00007ff842ae3000 	C:\WINDOWS\system32\profapi.dll
0x00007ff82b550000 - 0x00007ff82b61d000 	C:\Users\Daniel Viktor Isaac\Documents\GitHub\pupu\pupu\target\natives\lwjgl.dll
0x00007ff82b720000 - 0x00007ff82b848000 	C:\WINDOWS\SYSTEM32\OPENGL32.dll
0x00007ff830d60000 - 0x00007ff830d8e000 	C:\WINDOWS\SYSTEM32\GLU32.dll
0x00007ff82b620000 - 0x00007ff82b716000 	C:\WINDOWS\SYSTEM32\DDRAW.dll
0x00007ff8373f0000 - 0x00007ff8373f8000 	C:\WINDOWS\SYSTEM32\DCIMAN32.dll
0x00007ff841330000 - 0x00007ff8413c6000 	C:\WINDOWS\system32\uxtheme.dll
0x00007ff83ef70000 - 0x00007ff83ef92000 	C:\WINDOWS\SYSTEM32\dwmapi.dll
0x0000000056190000 - 0x0000000056196000 	C:\Program Files\ESET\ESET NOD32 Antivirus\eplgHooks.dll
0x0000000051610000 - 0x0000000053359000 	C:\WINDOWS\SYSTEM32\nvoglv64.DLL
0x00007ff843830000 - 0x00007ff8439f5000 	C:\WINDOWS\system32\SETUPAPI.dll
0x00007ff8410d0000 - 0x00007ff8410e3000 	C:\WINDOWS\SYSTEM32\WTSAPI32.dll
0x00007ff83f0d0000 - 0x00007ff83f0da000 	C:\WINDOWS\SYSTEM32\VERSION.dll
0x00007ff8433c0000 - 0x00007ff843414000 	C:\WINDOWS\system32\WINTRUST.dll
0x00007ff842af0000 - 0x00007ff842b01000 	C:\WINDOWS\system32\MSASN1.dll
0x00007ff842bc0000 - 0x00007ff842d81000 	C:\WINDOWS\system32\CRYPT32.dll
0x00007ff841e70000 - 0x00007ff841ea2000 	C:\WINDOWS\SYSTEM32\ntmarta.dll
0x00007ff841b90000 - 0x00007ff841be8000 	C:\WINDOWS\SYSTEM32\WINSTA.dll
0x00007ff842920000 - 0x00007ff84298b000 	C:\WINDOWS\SYSTEM32\bcryptPrimitives.dll
0x00007ff832b20000 - 0x00007ff832caa000 	C:\WINDOWS\SYSTEM32\dbghelp.dll

VM Arguments:
jvm_args: -Djava.library.path=target/natives 
java_command: Main.Main
java_class_path (initial): C:\Users\Daniel Viktor Isaac\Documents\GitHub\pupu\pupu\target\classes;C:\Users\Daniel Viktor Isaac\.m2\repository\org\lwjgl\lwjgl\3.0.0a\lwjgl-3.0.0a.jar;C:\Users\Daniel Viktor Isaac\.m2\repository\org\lwjgl\lwjgl-platform\3.0.0a\lwjgl-platform-3.0.0a-natives-windows.jar;C:\Users\Daniel Viktor Isaac\.m2\repository\org\lwjgl\lwjgl-platform\3.0.0a\lwjgl-platform-3.0.0a-natives-osx.jar;C:\Users\Daniel Viktor Isaac\.m2\repository\org\lwjgl\lwjgl-platform\3.0.0a\lwjgl-platform-3.0.0a-natives-linux.jar
Launcher Type: SUN_STANDARD

Environment Variables:
JAVA_HOME=C:\Program Files\Java\jdk1.8.0_25
PATH=C:\ProgramData\Oracle\Java\javapath;C:\Program Files (x86)\NVIDIA Corporation\PhysX\Common;C:\WINDOWS\system32;C:\WINDOWS;C:\WINDOWS\System32\Wbem;C:\WINDOWS\System32\WindowsPowerShell\v1.0\;C:\cygwin64;C:\Program Files (x86)\Skype\Phone\
USERNAME=Daniel Viktor Isaac
OS=Windows_NT
PROCESSOR_IDENTIFIER=Intel64 Family 6 Model 63 Stepping 2, GenuineIntel



---------------  S Y S T E M  ---------------

OS: Windows 8.1 , 64 bit Build 9600 

CPU:total 12 (6 cores per cpu, 2 threads per core) family 6 model 63 stepping 2, cmov, cx8, fxsr, mmx, sse, sse2, sse3, ssse3, sse4.1, sse4.2, popcnt, avx, avx2, aes, clmul, erms, lzcnt, ht, tsc, tscinvbit, bmi1, bmi2

Memory: 4k page, physical 16600752k(8702180k free), swap 28944800k(14323908k free)

vm_info: Java HotSpot(TM) 64-Bit Server VM (25.25-b02) for windows-amd64 JRE (1.8.0_25-b18), built on Oct  7 2014 14:25:37 by "java_re" with MS VC++ 10.0 (VS2010)

time: Wed Sep 09 20:08:08 2015
elapsed time: 1 seconds (0d 0h 0m 1s)

