#
# A fatal error has been detected by the Java Runtime Environment:
#
#  EXCEPTION_ACCESS_VIOLATION (0xc0000005) at pc=0x00000000523c0e4f, pid=15388, tid=10072
#
# JRE version: Java(TM) SE Runtime Environment (8.0_25-b18) (build 1.8.0_25-b18)
# Java VM: Java HotSpot(TM) 64-Bit Server VM (25.25-b02 mixed mode windows-amd64 compressed oops)
# Problematic frame:
# C  [nvoglv64.DLL+0xdb0e4f]
#
# Failed to write core dump. Minidumps are not enabled by default on client versions of Windows
#
# If you would like to submit a bug report, please visit:
#   http://bugreport.sun.com/bugreport/crash.jsp
# The crash happened outside the Java Virtual Machine in native code.
# See problematic frame for where to report the bug.
#

---------------  T H R E A D  ---------------

Current thread (0x000000000172e800):  JavaThread "main" [_thread_in_native, id=10072, stack(0x0000000002f50000,0x0000000003050000)]

siginfo: ExceptionCode=0xc0000005, reading address 0x0000000000000000

Registers:
RAX=0x00000000523c0e4f, RBX=0x00000000257f12cc, RCX=0x00000000257f12e8, RDX=0x0000000000000000
RSP=0x000000000304ef48, RBP=0x0000000000000000, RSI=0x0000000000000034, RDI=0x0000000020df7080
R8 =0x0000000000000006, R9 =0x0000000051610000, R10=0x00000000257f12e8, R11=0x00000000257f12e8
R12=0x0000000000001401, R13=0x0000000000000006, R14=0x0000000000000006, R15=0x0000000000000004
RIP=0x00000000523c0e4f, EFLAGS=0x0000000000010202

Top of Stack: (sp=0x000000000304ef48)
0x000000000304ef48:   0000000051c0204c 00000000017295a0
0x000000000304ef58:   000000005384ced6 000000000304f5a8
0x000000000304ef68:   0000000003052090 00000000000003d8
0x000000000304ef78:   00000000030520a0 000000001c7bc928
0x000000000304ef88:   000000000172e800 000000001c7bc928
0x000000000304ef98:   000000000172e800 000000076b9586a8
0x000000000304efa8:   000000000316da60 000000000172e800
0x000000000304efb8:   000000000304f0d0 0000000000000000
0x000000000304efc8:   000000076b9586a8 000000000304f080
0x000000000304efd8:   000000000316dd0c 000000076b904ec0
0x000000000304efe8:   000000000304f000 000000001c7bc928
0x000000000304eff8:   000000001c7bc928 0000000700001401
0x000000000304f008:   0000000000000000 0000000051e739c0
0x000000000304f018:   000000001c7bc928 000000076b904ec0
0x000000000304f028:   000000000172e800 000000000304f158
0x000000000304f038:   000000000316d722 000000000304f040 

Instructions: (pc=0x00000000523c0e4f)
0x00000000523c0e2f:   01 49 8b c3 c3 8b 02 41 89 02 49 8b c3 c3 48 0f
0x00000000523c0e3f:   b6 02 8b 4a 01 41 88 02 41 89 4a 01 49 8b c3 c3
0x00000000523c0e4f:   48 0f b7 02 8b 4a 02 66 41 89 02 41 89 4a 02 49
0x00000000523c0e5f:   8b c3 c3 48 0f b6 02 48 0f b7 4a 01 8b 52 03 41 


Register to memory mapping:

RAX=0x00000000523c0e4f is an unknown value
RBX=0x00000000257f12cc is an unknown value
RCX=0x00000000257f12e8 is an unknown value
RDX=0x0000000000000000 is an unknown value
RSP=0x000000000304ef48 is pointing into the stack for thread: 0x000000000172e800
RBP=0x0000000000000000 is an unknown value
RSI=0x0000000000000034 is an unknown value
RDI=0x0000000020df7080 is an unknown value
R8 =0x0000000000000006 is an unknown value
R9 =0x0000000051610000 is an unknown value
R10=0x00000000257f12e8 is an unknown value
R11=0x00000000257f12e8 is an unknown value
R12=0x0000000000001401 is an unknown value
R13=0x0000000000000006 is an unknown value
R14=0x0000000000000006 is an unknown value
R15=0x0000000000000004 is an unknown value


Stack: [0x0000000002f50000,0x0000000003050000],  sp=0x000000000304ef48,  free space=1019k
Native frames: (J=compiled Java code, j=interpreted, Vv=VM code, C=native code)

Java frames: (J=compiled Java code, j=interpreted, Vv=VM code)
j  org.lwjgl.opengl.GL11.nglDrawElements(IIIJJ)V+0
j  org.lwjgl.opengl.GL11.nglDrawElements(IIIJ)V+14
j  org.lwjgl.opengl.GL11.glDrawElements(IIIJ)V+17
j  game.GameObject.draw()V+20
j  Main.Main.update()V+11
j  Main.Main.run()V+71
j  Main.Main.main([Ljava/lang/String;)V+17
v  ~StubRoutines::call_stub

---------------  P R O C E S S  ---------------

Java Threads: ( => current thread )
  0x000000001e4b1800 JavaThread "Service Thread" daemon [_thread_blocked, id=7024, stack(0x0000000020050000,0x0000000020150000)]
  0x000000001e432800 JavaThread "C1 CompilerThread3" daemon [_thread_blocked, id=3148, stack(0x000000001ff50000,0x0000000020050000)]
  0x000000001e42f800 JavaThread "C2 CompilerThread2" daemon [_thread_blocked, id=2632, stack(0x000000001fe50000,0x000000001ff50000)]
  0x000000001e42d000 JavaThread "C2 CompilerThread1" daemon [_thread_blocked, id=16740, stack(0x000000001fd50000,0x000000001fe50000)]
  0x000000001e429000 JavaThread "C2 CompilerThread0" daemon [_thread_blocked, id=16932, stack(0x000000001fc50000,0x000000001fd50000)]
  0x000000001e41f000 JavaThread "JDWP Command Reader" daemon [_thread_in_native, id=9416, stack(0x000000001fb50000,0x000000001fc50000)]
  0x000000001e419000 JavaThread "JDWP Event Helper Thread" daemon [_thread_blocked, id=13676, stack(0x000000001fa50000,0x000000001fb50000)]
  0x000000001e416000 JavaThread "JDWP Transport Listener: dt_socket" daemon [_thread_blocked, id=15020, stack(0x000000001f950000,0x000000001fa50000)]
  0x000000001e402800 JavaThread "Attach Listener" daemon [_thread_blocked, id=4580, stack(0x000000001f850000,0x000000001f950000)]
  0x000000001e401800 JavaThread "Signal Dispatcher" daemon [_thread_blocked, id=12464, stack(0x000000001f750000,0x000000001f850000)]
  0x000000001cd2c000 JavaThread "Finalizer" daemon [_thread_blocked, id=10464, stack(0x000000001f650000,0x000000001f750000)]
  0x0000000003148800 JavaThread "Reference Handler" daemon [_thread_blocked, id=3952, stack(0x000000001f550000,0x000000001f650000)]
=>0x000000000172e800 JavaThread "main" [_thread_in_native, id=10072, stack(0x0000000002f50000,0x0000000003050000)]

Other Threads:
  0x000000001e3d2800 VMThread [stack: 0x000000001f450000,0x000000001f550000] [id=10208]
  0x000000001e4b3800 WatcherThread [stack: 0x0000000020150000,0x0000000020250000] [id=9752]

VM state:not at safepoint (normal execution)

VM Mutex/Monitor currently owned by a thread: None

Heap:
 PSYoungGen      total 75776K, used 14524K [0x000000076b900000, 0x0000000770d80000, 0x00000007c0000000)
  eden space 65024K, 22% used [0x000000076b900000,0x000000076c72f1c0,0x000000076f880000)
  from space 10752K, 0% used [0x0000000770300000,0x0000000770300000,0x0000000770d80000)
  to   space 10752K, 0% used [0x000000076f880000,0x000000076f880000,0x0000000770300000)
 ParOldGen       total 173568K, used 0K [0x00000006c2a00000, 0x00000006cd380000, 0x000000076b900000)
  object space 173568K, 0% used [0x00000006c2a00000,0x00000006c2a00000,0x00000006cd380000)
 Metaspace       used 7189K, capacity 7978K, committed 8064K, reserved 1056768K
  class space    used 560K, capacity 594K, committed 640K, reserved 1048576K

Card table byte_map: [0x0000000012510000,0x0000000012d00000] byte_map_base: 0x000000000eefb000

Marking Bits: (ParMarkBitMap*) 0x0000000053f7d490
 Begin Bits: [0x0000000013c50000, 0x0000000017ba8000)
 End Bits:   [0x0000000017ba8000, 0x000000001bb00000)

Polling page: 0x0000000001710000

CodeCache: size=245760Kb used=2005Kb max_used=2009Kb free=243754Kb
 bounds [0x0000000003150000, 0x00000000033c0000, 0x0000000012150000]
 total_blobs=861 nmethods=332 adapters=451
 compilation: enabled

Compilation events (10 events):
Event: 1.280 Thread 0x000000001e42f800  328       4       sun.misc.MetaIndex::mayContain (51 bytes)
Event: 1.293 Thread 0x000000001e42f800 nmethod 328 0x0000000003345210 code [0x0000000003345360, 0x0000000003345878]
Event: 1.295 Thread 0x000000001e432800  329       3       java.util.zip.ZipEntry::<init> (146 bytes)
Event: 1.296 Thread 0x000000001e42d000  330       4       java.util.Arrays::copyOfRange (63 bytes)
Event: 1.296 Thread 0x000000001e432800 nmethod 329 0x0000000003344a90 code [0x0000000003344c20, 0x0000000003345068]
Event: 1.298 Thread 0x000000001e42d000 nmethod 330 0x0000000003342450 code [0x00000000033425a0, 0x0000000003342798]
Event: 1.299 Thread 0x000000001e432800  331   !   3       sun.misc.URLClassPath$JarLoader::checkResource (55 bytes)
Event: 1.299 Thread 0x000000001e432800 nmethod 331 0x0000000003343250 code [0x0000000003343400, 0x0000000003343a88]
Event: 1.302 Thread 0x000000001e432800  332       1       java.util.zip.ZStreamRef::address (5 bytes)
Event: 1.303 Thread 0x000000001e432800 nmethod 332 0x00000000033420d0 code [0x0000000003342220, 0x0000000003342330]

GC Heap History (0 events):
No events

Deoptimization events (0 events):
No events

Internal exceptions (10 events):
Event: 1.301 Thread 0x000000000172e800 Exception <a 'java/security/PrivilegedActionException'> (0x000000076c6f2090) thrown at [D:\re\workspace\8-2-build-windows-amd64-cygwin\jdk8u25\1677\hotspot\src\share\vm\prims\jvm.cpp, line 1312]
Event: 1.302 Thread 0x000000000172e800 Exception <a 'java/security/PrivilegedActionException'> (0x000000076c6f5ff0) thrown at [D:\re\workspace\8-2-build-windows-amd64-cygwin\jdk8u25\1677\hotspot\src\share\vm\prims\jvm.cpp, line 1312]
Event: 1.303 Thread 0x000000000172e800 Exception <a 'java/security/PrivilegedActionException'> (0x000000076c6fa4a8) thrown at [D:\re\workspace\8-2-build-windows-amd64-cygwin\jdk8u25\1677\hotspot\src\share\vm\prims\jvm.cpp, line 1312]
Event: 1.304 Thread 0x000000000172e800 Exception <a 'java/security/PrivilegedActionException'> (0x000000076c6fe380) thrown at [D:\re\workspace\8-2-build-windows-amd64-cygwin\jdk8u25\1677\hotspot\src\share\vm\prims\jvm.cpp, line 1312]
Event: 1.306 Thread 0x000000000172e800 Exception <a 'java/security/PrivilegedActionException'> (0x000000076c7047c0) thrown at [D:\re\workspace\8-2-build-windows-amd64-cygwin\jdk8u25\1677\hotspot\src\share\vm\prims\jvm.cpp, line 1312]
Event: 1.307 Thread 0x000000000172e800 Exception <a 'java/security/PrivilegedActionException'> (0x000000076c70a550) thrown at [D:\re\workspace\8-2-build-windows-amd64-cygwin\jdk8u25\1677\hotspot\src\share\vm\prims\jvm.cpp, line 1312]
Event: 1.308 Thread 0x000000000172e800 Exception <a 'java/security/PrivilegedActionException'> (0x000000076c70c440) thrown at [D:\re\workspace\8-2-build-windows-amd64-cygwin\jdk8u25\1677\hotspot\src\share\vm\prims\jvm.cpp, line 1312]
Event: 1.309 Thread 0x000000000172e800 Exception <a 'java/security/PrivilegedActionException'> (0x000000076c70dd00) thrown at [D:\re\workspace\8-2-build-windows-amd64-cygwin\jdk8u25\1677\hotspot\src\share\vm\prims\jvm.cpp, line 1312]
Event: 1.310 Thread 0x000000000172e800 Exception <a 'java/security/PrivilegedActionException'> (0x000000076c710270) thrown at [D:\re\workspace\8-2-build-windows-amd64-cygwin\jdk8u25\1677\hotspot\src\share\vm\prims\jvm.cpp, line 1312]
Event: 1.312 Thread 0x000000000172e800 Exception <a 'java/security/PrivilegedActionException'> (0x000000076c712e10) thrown at [D:\re\workspace\8-2-build-windows-amd64-cygwin\jdk8u25\1677\hotspot\src\share\vm\prims\jvm.cpp, line 1312]

Events (10 events):
Event: 1.312 Thread 0x000000000172e800 DEOPT PACKING pc=0x00000000033046a9 sp=0x000000000304cd70
Event: 1.312 Thread 0x000000000172e800 DEOPT UNPACKING pc=0x00000000031975bf sp=0x000000000304cae0 mode 1
Event: 1.312 Thread 0x000000000172e800 DEOPT PACKING pc=0x0000000003303f94 sp=0x000000000304ce10
Event: 1.312 Thread 0x000000000172e800 DEOPT UNPACKING pc=0x00000000031975bf sp=0x000000000304cb40 mode 1
Event: 1.312 Thread 0x000000000172e800 DEOPT PACKING pc=0x00000000032edbb4 sp=0x000000000304d9f0
Event: 1.312 Thread 0x000000000172e800 DEOPT UNPACKING pc=0x00000000031975bf sp=0x000000000304d738 mode 1
Event: 1.312 Thread 0x000000000172e800 DEOPT PACKING pc=0x0000000003299884 sp=0x000000000304da60
Event: 1.312 Thread 0x000000000172e800 DEOPT UNPACKING pc=0x00000000031975bf sp=0x000000000304d880 mode 1
Event: 1.312 Thread 0x000000000172e800 DEOPT PACKING pc=0x000000000329961c sp=0x000000000304dbf0
Event: 1.312 Thread 0x000000000172e800 DEOPT UNPACKING pc=0x00000000031975bf sp=0x000000000304da10 mode 1


Dynamic libraries:
0x00007ff62ed40000 - 0x00007ff62ed74000 	C:\Program Files\Java\jdk1.8.0_25\bin\java.exe
0x00007ff8460a0000 - 0x00007ff846261000 	C:\WINDOWS\SYSTEM32\ntdll.dll
0x00007ff843f00000 - 0x00007ff843fad000 	C:\WINDOWS\system32\KERNEL32.DLL
0x00007ff843590000 - 0x00007ff84376d000 	C:\WINDOWS\system32\KERNELBASE.dll
0x00007ff844070000 - 0x00007ff844116000 	C:\WINDOWS\system32\ADVAPI32.dll
0x00007ff845f50000 - 0x00007ff845fed000 	C:\WINDOWS\system32\msvcrt.dll
0x00007ff843fb0000 - 0x00007ff84400b000 	C:\WINDOWS\system32\sechost.dll
0x00007ff843a00000 - 0x00007ff843b26000 	C:\WINDOWS\system32\RPCRT4.dll
0x00007ff843b30000 - 0x00007ff843c7e000 	C:\WINDOWS\system32\USER32.dll
0x00007ff844190000 - 0x00007ff844316000 	C:\WINDOWS\system32\GDI32.dll
0x00007ff83e930000 - 0x00007ff83eba4000 	C:\WINDOWS\WinSxS\amd64_microsoft.windows.common-controls_6595b64144ccf1df_6.0.10240.16384_none_f41f7b285750ef43\COMCTL32.dll
0x00007ff845c90000 - 0x00007ff845cc6000 	C:\WINDOWS\system32\IMM32.DLL
0x00007ff844410000 - 0x00007ff84456c000 	C:\WINDOWS\system32\MSCTF.dll
0x00000000536c0000 - 0x0000000053792000 	C:\Program Files\Java\jdk1.8.0_25\jre\bin\msvcr100.dll
0x00000000537a0000 - 0x0000000053ffa000 	C:\Program Files\Java\jdk1.8.0_25\jre\bin\server\jvm.dll
0x00007ff844320000 - 0x00007ff844328000 	C:\WINDOWS\system32\PSAPI.DLL
0x00007ff837020000 - 0x00007ff837029000 	C:\WINDOWS\SYSTEM32\WSOCK32.dll
0x00007ff840f60000 - 0x00007ff840f83000 	C:\WINDOWS\SYSTEM32\WINMM.dll
0x00007ff844580000 - 0x00007ff8445e9000 	C:\WINDOWS\system32\WS2_32.dll
0x00007ff844570000 - 0x00007ff844578000 	C:\WINDOWS\system32\NSI.dll
0x0000000002eb0000 - 0x0000000002edc000 	C:\WINDOWS\SYSTEM32\WINMMBASE.dll
0x00007ff842b70000 - 0x00007ff842bb4000 	C:\WINDOWS\system32\cfgmgr32.dll
0x00007ff841440000 - 0x00007ff841467000 	C:\WINDOWS\SYSTEM32\DEVOBJ.dll
0x0000000053670000 - 0x000000005367f000 	C:\Program Files\Java\jdk1.8.0_25\jre\bin\verify.dll
0x0000000053640000 - 0x0000000053668000 	C:\Program Files\Java\jdk1.8.0_25\jre\bin\java.dll
0x00000000514b0000 - 0x00000000514e5000 	C:\Program Files\Java\jdk1.8.0_25\jre\bin\jdwp.dll
0x00000000514a0000 - 0x00000000514a8000 	C:\Program Files\Java\jdk1.8.0_25\jre\bin\npt.dll
0x0000000053620000 - 0x0000000053636000 	C:\Program Files\Java\jdk1.8.0_25\jre\bin\zip.dll
0x00007ff844610000 - 0x00007ff845b32000 	C:\WINDOWS\system32\SHELL32.dll
0x00007ff842d90000 - 0x00007ff8433b9000 	C:\WINDOWS\system32\windows.storage.dll
0x00007ff843c80000 - 0x00007ff843efc000 	C:\WINDOWS\system32\combase.dll
0x00007ff845cd0000 - 0x00007ff845d21000 	C:\WINDOWS\system32\shlwapi.dll
0x00007ff842b60000 - 0x00007ff842b6f000 	C:\WINDOWS\system32\kernel.appcore.dll
0x00007ff8434d0000 - 0x00007ff843583000 	C:\WINDOWS\system32\shcore.dll
0x00007ff842b10000 - 0x00007ff842b5a000 	C:\WINDOWS\system32\powrprof.dll
0x00007ff842ad0000 - 0x00007ff842ae3000 	C:\WINDOWS\system32\profapi.dll
0x0000000051490000 - 0x0000000051499000 	C:\Program Files\Java\jdk1.8.0_25\jre\bin\dt_socket.dll
0x00007ff842340000 - 0x00007ff84239d000 	C:\WINDOWS\system32\mswsock.dll
0x00007ff82af20000 - 0x00007ff82afed000 	C:\Users\Daniel Viktor Isaac\Documents\GitHub\pupu\pupu\target\natives\lwjgl.dll
0x00007ff82b720000 - 0x00007ff82b848000 	C:\WINDOWS\SYSTEM32\OPENGL32.dll
0x00007ff82b620000 - 0x00007ff82b716000 	C:\WINDOWS\SYSTEM32\DDRAW.dll
0x00007ff830d60000 - 0x00007ff830d8e000 	C:\WINDOWS\SYSTEM32\GLU32.dll
0x00007ff8373f0000 - 0x00007ff8373f8000 	C:\WINDOWS\SYSTEM32\DCIMAN32.dll
0x00007ff841330000 - 0x00007ff8413c6000 	C:\WINDOWS\system32\uxtheme.dll
0x00007ff83ef70000 - 0x00007ff83ef92000 	C:\WINDOWS\SYSTEM32\dwmapi.dll
0x0000000056190000 - 0x0000000056196000 	C:\Program Files\ESET\ESET NOD32 Antivirus\eplgHooks.dll
0x0000000051610000 - 0x0000000053359000 	C:\WINDOWS\SYSTEM32\nvoglv64.DLL
0x00007ff843830000 - 0x00007ff8439f5000 	C:\WINDOWS\system32\SETUPAPI.dll
0x00007ff8410d0000 - 0x00007ff8410e3000 	C:\WINDOWS\SYSTEM32\WTSAPI32.dll
0x00007ff83f0d0000 - 0x00007ff83f0da000 	C:\WINDOWS\SYSTEM32\VERSION.dll
0x00007ff8433c0000 - 0x00007ff843414000 	C:\WINDOWS\system32\WINTRUST.dll
0x00007ff842af0000 - 0x00007ff842b01000 	C:\WINDOWS\system32\MSASN1.dll
0x00007ff842bc0000 - 0x00007ff842d81000 	C:\WINDOWS\system32\CRYPT32.dll
0x00007ff841e70000 - 0x00007ff841ea2000 	C:\WINDOWS\SYSTEM32\ntmarta.dll
0x00007ff841b90000 - 0x00007ff841be8000 	C:\WINDOWS\SYSTEM32\WINSTA.dll
0x00007ff842920000 - 0x00007ff84298b000 	C:\WINDOWS\SYSTEM32\bcryptPrimitives.dll
0x00007ff832b20000 - 0x00007ff832caa000 	C:\WINDOWS\SYSTEM32\dbghelp.dll

VM Arguments:
jvm_args: -Xdebug -Xrunjdwp:transport=dt_socket,server=n,address=49610 -Djava.library.path=target/natives 
java_command: Main.Main
java_class_path (initial): C:\Users\Daniel Viktor Isaac\Documents\GitHub\pupu\pupu\target\classes;C:\Users\Daniel Viktor Isaac\.m2\repository\org\lwjgl\lwjgl\3.0.0a\lwjgl-3.0.0a.jar;C:\Users\Daniel Viktor Isaac\.m2\repository\org\lwjgl\lwjgl-platform\3.0.0a\lwjgl-platform-3.0.0a-natives-windows.jar;C:\Users\Daniel Viktor Isaac\.m2\repository\org\lwjgl\lwjgl-platform\3.0.0a\lwjgl-platform-3.0.0a-natives-osx.jar;C:\Users\Daniel Viktor Isaac\.m2\repository\org\lwjgl\lwjgl-platform\3.0.0a\lwjgl-platform-3.0.0a-natives-linux.jar
Launcher Type: SUN_STANDARD

Environment Variables:
JAVA_HOME=C:\Program Files\Java\jdk1.8.0_25
PATH=C:\ProgramData\Oracle\Java\javapath;C:\Program Files (x86)\NVIDIA Corporation\PhysX\Common;C:\WINDOWS\system32;C:\WINDOWS;C:\WINDOWS\System32\Wbem;C:\WINDOWS\System32\WindowsPowerShell\v1.0\;C:\cygwin64;C:\Program Files (x86)\Skype\Phone\
USERNAME=Daniel Viktor Isaac
OS=Windows_NT
PROCESSOR_IDENTIFIER=Intel64 Family 6 Model 63 Stepping 2, GenuineIntel



---------------  S Y S T E M  ---------------

OS: Windows 8.1 , 64 bit Build 9600 

CPU:total 12 (6 cores per cpu, 2 threads per core) family 6 model 63 stepping 2, cmov, cx8, fxsr, mmx, sse, sse2, sse3, ssse3, sse4.1, sse4.2, popcnt, avx, avx2, aes, clmul, erms, lzcnt, ht, tsc, tscinvbit, bmi1, bmi2

Memory: 4k page, physical 16600752k(8673076k free), swap 28944800k(14272436k free)

vm_info: Java HotSpot(TM) 64-Bit Server VM (25.25-b02) for windows-amd64 JRE (1.8.0_25-b18), built on Oct  7 2014 14:25:37 by "java_re" with MS VC++ 10.0 (VS2010)

time: Wed Sep 09 20:03:45 2015
elapsed time: 1 seconds (0d 0h 0m 1s)

